0 info it worked if it ends with ok
1 verbose cli [ 'node', '/usr/local/bin/npm', 'install', '-g', 'grunt-cli' ]
2 info using npm@1.4.14
3 info using node@v0.10.29
4 verbose cache add [ 'grunt-cli', null ]
5 verbose cache add name=undefined spec="grunt-cli" args=["grunt-cli",null]
6 verbose parsed url { protocol: null,
6 verbose parsed url   slashes: null,
6 verbose parsed url   auth: null,
6 verbose parsed url   host: null,
6 verbose parsed url   port: null,
6 verbose parsed url   hostname: null,
6 verbose parsed url   hash: null,
6 verbose parsed url   search: null,
6 verbose parsed url   query: null,
6 verbose parsed url   pathname: 'grunt-cli',
6 verbose parsed url   path: 'grunt-cli',
6 verbose parsed url   href: 'grunt-cli' }
7 silly lockFile 671ef8ac-grunt-cli grunt-cli
8 verbose lock grunt-cli /Users/michu/.npm/671ef8ac-grunt-cli.lock
9 silly lockFile 671ef8ac-grunt-cli grunt-cli
10 silly lockFile 671ef8ac-grunt-cli grunt-cli
11 verbose addNamed [ 'grunt-cli', '' ]
12 verbose addNamed [ null, '*' ]
13 silly lockFile d63f3d0b-grunt-cli grunt-cli@
14 verbose lock grunt-cli@ /Users/michu/.npm/d63f3d0b-grunt-cli.lock
15 silly addNameRange { name: 'grunt-cli', range: '*', hasData: false }
16 verbose url raw grunt-cli
17 verbose url resolving [ 'https://registry.npmjs.org/', './grunt-cli' ]
18 verbose url resolved https://registry.npmjs.org/grunt-cli
19 info trying registry request attempt 1 at 17:35:57
20 http GET https://registry.npmjs.org/grunt-cli
21 http 200 https://registry.npmjs.org/grunt-cli
22 silly registry.get cb [ 200,
22 silly registry.get   { date: 'Sun, 21 Sep 2014 21:35:55 GMT',
22 silly registry.get     server: 'CouchDB/1.5.0 (Erlang OTP/R16B03)',
22 silly registry.get     etag: '"8WP6SD7VNN0NYX6B5WPNFWVXG"',
22 silly registry.get     'content-type': 'application/json',
22 silly registry.get     'cache-control': 'max-age=60',
22 silly registry.get     'content-length': '19876',
22 silly registry.get     'accept-ranges': 'bytes',
22 silly registry.get     via: '1.1 varnish',
22 silly registry.get     age: '751',
22 silly registry.get     'x-served-by': 'cache-jfk1025-JFK',
22 silly registry.get     'x-cache': 'HIT',
22 silly registry.get     'x-cache-hits': '1',
22 silly registry.get     'x-timer': 'S1411335355.092068,VS0,VE0',
22 silly registry.get     vary: 'Accept',
22 silly registry.get     'keep-alive': 'timeout=10, max=50',
22 silly registry.get     connection: 'Keep-Alive' } ]
23 silly addNameRange number 2 { name: 'grunt-cli', range: '*', hasData: true }
24 silly addNameRange versions [ 'grunt-cli',
24 silly addNameRange   [ '0.1.0',
24 silly addNameRange     '0.1.1',
24 silly addNameRange     '0.1.2',
24 silly addNameRange     '0.1.3',
24 silly addNameRange     '0.1.4',
24 silly addNameRange     '0.1.5',
24 silly addNameRange     '0.1.6',
24 silly addNameRange     '0.1.7',
24 silly addNameRange     '0.1.8',
24 silly addNameRange     '0.1.9',
24 silly addNameRange     '0.1.10',
24 silly addNameRange     '0.1.11',
24 silly addNameRange     '0.1.12',
24 silly addNameRange     '0.1.13' ] ]
25 verbose addNamed [ 'grunt-cli', '0.1.13' ]
26 verbose addNamed [ '0.1.13', '0.1.13' ]
27 silly lockFile 28997503-grunt-cli-0-1-13 grunt-cli@0.1.13
28 verbose lock grunt-cli@0.1.13 /Users/michu/.npm/28997503-grunt-cli-0-1-13.lock
29 silly lockFile ab76c46e-g-grunt-cli-grunt-cli-0-1-13-tgz https://registry.npmjs.org/grunt-cli/-/grunt-cli-0.1.13.tgz
30 verbose lock https://registry.npmjs.org/grunt-cli/-/grunt-cli-0.1.13.tgz /Users/michu/.npm/ab76c46e-g-grunt-cli-grunt-cli-0-1-13-tgz.lock
31 verbose addRemoteTarball [ 'https://registry.npmjs.org/grunt-cli/-/grunt-cli-0.1.13.tgz',
31 verbose addRemoteTarball   'e9ebc4047631f5012d922770c39378133cad10f4' ]
32 info retry fetch attempt 1 at 17:35:57
33 verbose fetch to= /var/folders/cl/b2x17y292z783nyyx6_67wjr0000gn/T/npm-60907-XzPuwAyF/registry.npmjs.org/grunt-cli/-/grunt-cli-0.1.13.tgz
34 http GET https://registry.npmjs.org/grunt-cli/-/grunt-cli-0.1.13.tgz
35 http 200 https://registry.npmjs.org/grunt-cli/-/grunt-cli-0.1.13.tgz
36 silly lockFile ab76c46e-g-grunt-cli-grunt-cli-0-1-13-tgz https://registry.npmjs.org/grunt-cli/-/grunt-cli-0.1.13.tgz
37 silly lockFile ab76c46e-g-grunt-cli-grunt-cli-0-1-13-tgz https://registry.npmjs.org/grunt-cli/-/grunt-cli-0.1.13.tgz
38 silly lockFile 28997503-grunt-cli-0-1-13 grunt-cli@0.1.13
39 silly lockFile 28997503-grunt-cli-0-1-13 grunt-cli@0.1.13
40 silly lockFile d63f3d0b-grunt-cli grunt-cli@
41 silly lockFile d63f3d0b-grunt-cli grunt-cli@
42 silly resolved [ { name: 'grunt-cli',
42 silly resolved     description: 'The grunt command line interface.',
42 silly resolved     version: '0.1.13',
42 silly resolved     author: { name: 'Grunt Team' },
42 silly resolved     homepage: 'http://gruntjs.com/',
42 silly resolved     repository: { type: 'git', url: 'git://github.com/gruntjs/grunt-cli.git' },
42 silly resolved     bugs: { url: 'http://github.com/gruntjs/grunt-cli/issues' },
42 silly resolved     licenses: [ [Object] ],
42 silly resolved     bin: { grunt: 'bin/grunt' },
42 silly resolved     engines: { node: '>= 0.8.0' },
42 silly resolved     scripts: { test: 'node bin/grunt test' },
42 silly resolved     preferGlobal: true,
42 silly resolved     dependencies: { nopt: '~1.0.10', 'findup-sync': '~0.1.0', resolve: '~0.3.1' },
42 silly resolved     devDependencies: { grunt: '~0.4.0', 'grunt-contrib-jshint': '~0.2.0' },
42 silly resolved     contributors: [ [Object], [Object], [Object], [Object] ],
42 silly resolved     _id: 'grunt-cli@0.1.13',
42 silly resolved     dist:
42 silly resolved      { shasum: 'e9ebc4047631f5012d922770c39378133cad10f4',
42 silly resolved        tarball: 'http://registry.npmjs.org/grunt-cli/-/grunt-cli-0.1.13.tgz' },
42 silly resolved     _from: 'grunt-cli@',
42 silly resolved     _npmVersion: '1.3.24',
42 silly resolved     _npmUser: { name: 'tkellen', email: 'tyler@sleekcode.net' },
42 silly resolved     maintainers: [ [Object] ],
42 silly resolved     directories: {},
42 silly resolved     _shasum: 'e9ebc4047631f5012d922770c39378133cad10f4',
42 silly resolved     _resolved: 'https://registry.npmjs.org/grunt-cli/-/grunt-cli-0.1.13.tgz' } ]
43 info install grunt-cli@0.1.13 into /usr/local/lib
44 info installOne grunt-cli@0.1.13
45 info /usr/local/lib/node_modules/grunt-cli unbuild
46 verbose tar unpack /Users/michu/.npm/grunt-cli/0.1.13/package.tgz
47 silly lockFile 466968dc-local-lib-node-modules-grunt-cli tar:///usr/local/lib/node_modules/grunt-cli
48 verbose lock tar:///usr/local/lib/node_modules/grunt-cli /Users/michu/.npm/466968dc-local-lib-node-modules-grunt-cli.lock
49 silly lockFile d387bf22-npm-grunt-cli-0-1-13-package-tgz tar:///Users/michu/.npm/grunt-cli/0.1.13/package.tgz
50 verbose lock tar:///Users/michu/.npm/grunt-cli/0.1.13/package.tgz /Users/michu/.npm/d387bf22-npm-grunt-cli-0-1-13-package-tgz.lock
51 silly gunzTarPerm modes [ '755', '644' ]
52 error Error: EACCES, mkdir '/usr/local/lib/node_modules/grunt-cli'
52 error  { [Error: EACCES, mkdir '/usr/local/lib/node_modules/grunt-cli']
52 error   errno: 3,
52 error   code: 'EACCES',
52 error   path: '/usr/local/lib/node_modules/grunt-cli',
52 error   fstream_type: 'Directory',
52 error   fstream_path: '/usr/local/lib/node_modules/grunt-cli',
52 error   fstream_class: 'DirWriter',
52 error   fstream_stack:
52 error    [ '/usr/local/lib/node_modules/npm/node_modules/fstream/lib/dir-writer.js:36:23',
52 error      '/usr/local/lib/node_modules/npm/node_modules/mkdirp/index.js:37:53',
52 error      'Object.oncomplete (fs.js:107:15)' ] }
53 error Please try running this command again as root/Administrator.
54 error System Darwin 13.3.0
55 error command "node" "/usr/local/bin/npm" "install" "-g" "grunt-cli"
56 error cwd /Users/michu/Desktop/Dev/Phase2/the_social_bite
57 error node -v v0.10.29
58 error npm -v 1.4.14
59 error path /usr/local/lib/node_modules/grunt-cli
60 error fstream_path /usr/local/lib/node_modules/grunt-cli
61 error fstream_type Directory
62 error fstream_class DirWriter
63 error code EACCES
64 error errno 3
65 error stack Error: EACCES, mkdir '/usr/local/lib/node_modules/grunt-cli'
66 error fstream_stack /usr/local/lib/node_modules/npm/node_modules/fstream/lib/dir-writer.js:36:23
66 error fstream_stack /usr/local/lib/node_modules/npm/node_modules/mkdirp/index.js:37:53
66 error fstream_stack Object.oncomplete (fs.js:107:15)
67 verbose exit [ 3, true ]
